<?xml version="1.0" encoding="UTF-8"?>
<!-- Generated by org.testng.reporters.JUnitReportReporter -->
<testsuite hostname="Sunny-PC" name="TestCases.Login" tests="1" failures="0" timestamp="26 Jan 2020 03:12:29 GMT" time="64.250" errors="0">
  <testcase name="tc_01" time="64.250" classname="TestCases.Login"/>
</testsuite> <!-- TestCases.Login -->
